Mono path[0] = 'C:/Program Files (x86)/Steam/steamapps/common/RimWorld/RimWorldWin64_Data/Managed'
Mono config path = 'C:/Program Files (x86)/Steam/steamapps/common/RimWorld/MonoBleedingEdge/etc'
Initialize engine version: 2019.4.26f1 (e0392c6b2363)
[Subsystems] Discovering subsystems at path C:/Program Files (x86)/Steam/steamapps/common/RimWorld/RimWorldWin64_Data/UnitySubsystems
GfxDevice: creating device client; threaded=1
Direct3D:
    Version:  Direct3D 11.0 [level 11.1]
    Renderer: Radeon RX 590 Series (ID=0x67df)
    Vendor:   
    VRAM:     8171 MB
    Driver:   27.20.1034.6
Begin MonoManager ReloadAssembly
- Completed reload, in  0.257 seconds
D3D11 device created for Microsoft Media Foundation video decoding.
<RI> Initializing input.
<RI> Input initialized.
<RI> Initialized touch support.
UnloadTime: 0.819300 ms
Command line arguments: -popupwindow
RimWorld 1.3.3087 rev911
Parsed 2287142613 as int. 
(Filename: C:\buildslave\unity\build\Runtime/Export/Debug/Debug.bindings.h Line: 39)

Parsed 2287142613 as int. 
(Filename: C:\buildslave\unity\build\Runtime/Export/Debug/Debug.bindings.h Line: 39)

Fallback handler could not load library C:/Program Files (x86)/Steam/steamapps/common/RimWorld/RimWorldWin64_Data/Mono/data-000002667A436010.dll
Fallback handler could not load library C:/Program Files (x86)/Steam/steamapps/common/RimWorld/RimWorldWin64_Data/Mono/data-000002667A1A76C0.dll
Fallback handler could not load library C:/Program Files (x86)/Steam/steamapps/common/RimWorld/RimWorldWin64_Data/Mono/data-000002667A5B1B80.dll
Fallback handler could not load library C:/Program Files (x86)/Steam/steamapps/common/RimWorld/RimWorldWin64_Data/Mono/data-000002667A5E5B90.dll
Fallback handler could not load library C:/Program Files (x86)/Steam/steamapps/common/RimWorld/RimWorldWin64_Data/Mono/data-000002667A681FB0.dll
Fallback handler could not load library C:/Program Files (x86)/Steam/steamapps/common/RimWorld/RimWorldWin64_Data/Mono/data-000002667A74A010.dll
Fallback handler could not load library C:/Program Files (x86)/Steam/steamapps/common/RimWorld/RimWorldWin64_Data/Mono/data-000002667A3D8030.dll
Fallback handler could not load library C:/Program Files (x86)/Steam/steamapps/common/RimWorld/RimWorldWin64_Data/Mono/data-000002667A36BF70.dll
Fallback handler could not load library C:/Program Files (x86)/Steam/steamapps/common/RimWorld/RimWorldWin64_Data/Mono/data-000002667A770A40.dll
Fallback handler could not load library C:/Program Files (x86)/Steam/steamapps/common/RimWorld/RimWorldWin64_Data/Mono/data-000002667A891850.dll
Fallback handler could not load library C:/Program Files (x86)/Steam/steamapps/common/RimWorld/RimWorldWin64_Data/Mono/data-00000264A108A120.dll
[HugsLib] version 9.0.0
RimThreaded 2.5.14.0  is patching methods...
Fallback handler could not load library C:/Program Files (x86)/Steam/steamapps/common/RimWorld/RimWorldWin64_Data/Mono/data-00000266CC8EA810.dll
RimThreaded Field Replacements Complete.
RimThreaded patching is complete.
[HugsLib] initializing ShipInteriorMod2
Parsed 2287142613 as int. 
(Filename: C:\buildslave\unity\build\Runtime/Export/Debug/Debug.bindings.h Line: 39)

Unloading 5 Unused Serialized files (Serialized files now loaded: 2)

Unloading 59 unused Assets to reduce memory usage. Loaded Objects now: 16470.
Total: 488.918900 ms (FindLiveObjects: 0.782900 ms CreateObjectMapping: 0.264800 ms MarkObjects: 487.734000 ms  DeleteObjects: 0.136500 ms)

Unloading 3 Unused Serialized files (Serialized files now loaded: 2)
UnloadTime: 0.370300 ms

Unloading 1 unused Assets to reduce memory usage. Loaded Objects now: 16494.
Total: 488.495200 ms (FindLiveObjects: 0.680300 ms CreateObjectMapping: 0.340400 ms MarkObjects: 487.437000 ms  DeleteObjects: 0.037200 ms)

Loading game from file Test2 with mods:
  - brrainz.harmony
  - Ludeon.RimWorld
  - Ludeon.RimWorld.Royalty
  - Ludeon.RimWorld.Ideology
  - UnlimitedHugs.HugsLib
  - kentington.saveourship2
  - majorhoff.rimthreaded
RimThreaded is building new Reservations Dictionary...
Unloading 0 Unused Serialized files (Serialized files now loaded: 2)

Unloading 43451 unused Assets to reduce memory usage. Loaded Objects now: 21861.
Total: 692.104300 ms (FindLiveObjects: 5.570400 ms CreateObjectMapping: 4.515600 ms MarkObjects: 613.186100 ms  DeleteObjects: 68.831400 ms)

RimThreaded is building new Reservations Dictionary...
Ship generation encountered a bug! Please report this to the dev team.
System.NullReferenceException: Object reference not set to an instance of an object
  at Verse.GridsUtility.Fogged (Verse.IntVec3 c, Verse.Map map) [0x00000] in <00638943358e4807bd44cd7bc8f572da>:0 
  at Verse.Room.get_Fogged () [0x0001b] in <00638943358e4807bd44cd7bc8f572da>:0 
  at Verse.Room.Notify_RoomShapeChanged () [0x00038] in <00638943358e4807bd44cd7bc8f572da>:0 
  at RimWorld.Building_Bed.SpawnSetup (Verse.Map map, System.Boolean respawningAfterLoad) [0x00074] in <00638943358e4807bd44cd7bc8f572da>:0 
  at Verse.GenSpawn.Spawn (Verse.Thing newThing, Verse.IntVec3 loc, Verse.Map map, Verse.Rot4 rot, Verse.WipeMode wipeMode, System.Boolean respawningAfterLoad) [0x00261] in <00638943358e4807bd44cd7bc8f572da>:0 
  at RimWorld.ShipCombatManager.GenerateShip (RimWorld.EnemyShipDef shipDef, Verse.Map map, RimWorld.TradeShip tradeShip, RimWorld.Faction fac, Verse.AI.Group.Lord lord, Verse.Building& core, System.Boolean clearArea, System.Boolean wreckEverything) [0x0083a] in <ae46603d9eed4cdeaf13dcbd7021a168>:0 
  at RimWorld.ShipCombatManager.SpawnEnemyShip (RimWorld.TradeShip tradeShip, RimWorld.AttackableShip enemyShip, RimWorld.DerelictShip derelictShip) [0x0026a] in <ae46603d9eed4cdeaf13dcbd7021a168>:0  
(Filename: C:\buildslave\unity\build\Runtime/Export/Debug/Debug.bindings.h Line: 39)

